<?xml version="1.0" encoding="UTF-8"?>
<!-- Generated by org.testng.reporters.JUnitXMLReporter -->
<testsuite ignored="0" hostname="mustafapc" failures="0" tests="4" name="demoAnnotation" time="0.064" errors="0" timestamp="2023-10-18T21:22:39 PDT">
  <testcase classname="FirstTestCase.TC1" name="test1" time="0.004"/>
  <testcase classname="FirstTestCase.TC1" name="test2" time="0.0"/>
  <testcase classname="FirstTestCase.TC2" name="test3" time="0.001"/>
  <testcase classname="FirstTestCase.TC2" name="test4" time="0.001"/>
</testsuite> <!-- demoAnnotation -->
