<?xml version="1.0" encoding="UTF-8"?>
<!-- Generated by org.testng.reporters.JUnitXMLReporter -->
<testsuite ignored="3" hostname="mustafapc" failures="0" tests="2" name="grouping test" time="0.046" errors="0" timestamp="2023-10-18T22:18:24 PDT">
  <testcase classname="FirstTestCase.GroupingExample" name="test2" time="0.005"/>
  <testcase classname="FirstTestCase.GroupingExample" name="test4" time="0.002"/>
  <testcase classname="FirstTestCase.GroupingExample" name="test5" time="0.0">
    <ignored/>
  </testcase> <!-- test5 -->
  <testcase classname="FirstTestCase.GroupingExample" name="test1" time="0.0">
    <ignored/>
  </testcase> <!-- test1 -->
  <testcase classname="FirstTestCase.GroupingExample" name="test3" time="0.0">
    <ignored/>
  </testcase> <!-- test3 -->
</testsuite> <!-- grouping test -->
