<?xml version="1.0" encoding="UTF-8"?>
<!-- Generated by org.testng.reporters.JUnitXMLReporter -->
<testsuite ignored="0" hostname="mustafapc" failures="1" tests="3" name="parameters test" time="0.058" errors="0" timestamp="2023-10-19T17:19:56 PDT">
  <testcase classname="listeners.ListenerTest" name="test1" time="0.008"/>
  <testcase classname="listeners.ListenerTest" name="test2" time="0.01">
    <failure type="java.lang.AssertionError" message="expected [B] but found [A]">
      <![CDATA[java.lang.AssertionError: expected [B] but found [A]
at listeners.ListenerTest.test2(ListenerTest.java:23)
at java.base/java.util.ArrayList.forEach(ArrayList.java:1541)
... Removed 33 stack frames]]>
    </failure>
  </testcase> <!-- test2 -->
  <testcase classname="listeners.ListenerTest" name="test3" time="0.001">
    <skipped/>
  </testcase> <!-- test3 -->
</testsuite> <!-- parameters test -->
